\BOOKMARK [1][-]{section*.1}{\376\377\000S\000o\000l\000u\000t\000i\000o\000n}{}% 1
\BOOKMARK [2][-]{section*.2}{\376\377\000a\000.\000\040\000S\000L\000n\000\050\000R\000\051\000Z\000=\000G\000L\000n\000\050\000R\000\051\000\040\000f\000o\000r\000\040\000o\000d\000d\000\040\000n}{section*.1}% 2
\BOOKMARK [2][-]{section*.3}{\376\377\000b\000.\000\040\000S\000L\000n\000\050\000R\000\051\000\040\000=\000\040\000G\000L\000+\000n\000\050\000R\000\051\000\040\000f\000o\000r\000\040\000e\000v\000e\000n\000\040\000n}{section*.1}% 3
\BOOKMARK [2][-]{section*.4}{\376\377\000V\000i\000s\000u\000a\000l\000i\000z\000a\000t\000i\000o\000n}{section*.1}% 4
\BOOKMARK [1][-]{section*.5}{\376\377\000S\000o\000l\000u\000t\000i\000o\000n}{}% 5
\BOOKMARK [2][-]{section*.6}{\376\377\000\050\0001\000\051\000\040\000c\000g\000\040\000i\000s\000\040\000a\000\040\000h\000o\000m\000o\000m\000o\000r\000p\000h\000i\000s\000m}{section*.5}% 6
\BOOKMARK [2][-]{section*.7}{\376\377\000\050\0002\000\051\000\040\000c\000g\000\040\000i\000s\000\040\000b\000i\000j\000e\000c\000t\000i\000v\000e}{section*.5}% 7
\BOOKMARK [2][-]{section*.10}{\376\377\000V\000i\000s\000u\000a\000l\000i\000z\000a\000t\000i\000o\000n}{section*.5}% 8
\BOOKMARK [2][-]{section*.11}{\376\377\000C\000o\000n\000c\000l\000u\000s\000i\000o\000n}{section*.5}% 9
\BOOKMARK [1][-]{section*.12}{\376\377\000S\000o\000l\000u\000t\000i\000o\000n}{}% 10
\BOOKMARK [2][-]{section*.13}{\376\377\000\050\0001\000\051\000\040\000Z\000\050\000G\000\051\000\040\000i\000s\000\040\000a\000\040\000S\000u\000b\000g\000r\000o\000u\000p\000\040\000o\000f\000\040\000G}{section*.12}% 11
\BOOKMARK [2][-]{section*.14}{\376\377\000\050\0002\000\051\000\040\000Z\000\050\000G\000\051\000\040\000i\000s\000\040\000N\000o\000r\000m\000a\000l\000\040\000i\000n\000\040\000G}{section*.12}% 12
\BOOKMARK [2][-]{section*.15}{\376\377\000V\000i\000s\000u\000a\000l\000i\000z\000a\000t\000i\000o\000n}{section*.12}% 13
\BOOKMARK [2][-]{section*.16}{\376\377\000C\000o\000n\000c\000l\000u\000s\000i\000o\000n}{section*.12}% 14
\BOOKMARK [1][-]{section*.17}{\376\377\000S\000o\000l\000u\000t\000i\000o\000n}{}% 15
\BOOKMARK [2][-]{section*.18}{\376\377\000a\000.\000\040\000A\000u\000t\000\050\000G\000\051\000\040\000i\000s\000\040\000a\000\040\000G\000r\000o\000u\000p}{section*.17}% 16
\BOOKMARK [2][-]{section*.19}{\376\377\000b\000.\000\040\000T\000h\000e\000\040\000F\000u\000n\000c\000t\000i\000o\000n\000\040\000c\000:\000\040\000G\000\040\000A\000u\000t\000\050\000G\000\051\000\040\000i\000s\000\040\000a\000\040\000H\000o\000m\000o\000m\000o\000r\000p\000h\000i\000s\000m}{section*.17}% 17
\BOOKMARK [2][-]{section*.20}{\376\377\000c\000.\000\040\000T\000h\000e\000\040\000K\000e\000r\000n\000e\000l\000\040\000o\000f\000\040\000c\000\040\000i\000s\000\040\000Z\000\050\000G\000\051}{section*.17}% 18
\BOOKMARK [2][-]{section*.21}{\376\377\000d\000.\000\040\000I\000n\000n\000\050\000G\000\051\000\040\000.\0005\000-\000.\0005\000.\0005\000-\000.\0005\000.\0005\000-\000.\0005\000.\0005\000-\000.\0005\000G\000/\000Z\000\050\000G\000\051}{section*.17}% 19
\BOOKMARK [2][-]{section*.22}{\376\377\000V\000i\000s\000u\000a\000l\000i\000z\000a\000t\000i\000o\000n}{section*.17}% 20
\BOOKMARK [1][-]{section*.23}{\376\377\000S\000o\000l\000u\000t\000i\000o\000n}{}% 21
\BOOKMARK [2][-]{section*.24}{\376\377\000a\000.\000\040\000p\000k\000\040\000d\000e\000f\000i\000n\000e\000s\000\040\000a\000\040\000h\000o\000m\000o\000m\000o\000r\000p\000h\000i\000s\000m\000\040\000f\000r\000o\000m\000\040\000G\000\040\000t\000o\000\040\000i\000t\000s\000e\000l\000f}{section*.23}% 22
\BOOKMARK [2][-]{section*.25}{\376\377\000b\000.\000\040\000p\000k\000\040\000i\000s\000\040\000a\000n\000\040\000i\000s\000o\000m\000o\000r\000p\000h\000i\000s\000m\000\040\000i\000f\000\040\000a\000n\000d\000\040\000o\000n\000l\000y\000\040\000i\000f\000\040\000\050\000k\000,\000\040\000n\000\051\000\040\000=\000\040\0001}{section*.23}% 23
\BOOKMARK [2][-]{section*.28}{\376\377\000c\000.\000\040\000[\000k\000]\000n\000\040\000p\000k\000\040\000d\000e\000f\000i\000n\000e\000s\000\040\000a\000n\000\040\000i\000s\000o\000m\000o\000r\000p\000h\000i\000s\000m\000\040\000o\000f\000\040\000g\000r\000o\000u\000p\000s\000\040\000\050\000n\000\051\000\040\000A\000u\000t\000\050\000G\000\051}{section*.23}% 24
\BOOKMARK [1][-]{section*.32}{\376\377\000S\000o\000l\000u\000t\000i\000o\000n}{}% 25
\BOOKMARK [2][-]{section*.33}{\376\377\000N\000e\000c\000e\000s\000s\000i\000t\000y\000:\000\040\000I\000f\000\040\000A\000\040\000B\000\040\000i\000s\000\040\000a\000b\000e\000l\000i\000a\000n\000,\000\040\000t\000h\000e\000n\000\040\000A\000\040\000a\000n\000d\000\040\000B\000\040\000a\000r\000e\000\040\000a\000b\000e\000l\000i\000a\000n}{section*.32}% 26
\BOOKMARK [2][-]{section*.34}{\376\377\000S\000u\000f\000f\000i\000c\000i\000e\000n\000c\000y\000:\000\040\000I\000f\000\040\000A\000\040\000a\000n\000d\000\040\000B\000\040\000a\000r\000e\000\040\000a\000b\000e\000l\000i\000a\000n\000,\000\040\000t\000h\000e\000n\000\040\000A\000\040\000B\000\040\000i\000s\000\040\000a\000b\000e\000l\000i\000a\000n}{section*.32}% 27
\BOOKMARK [2][-]{section*.35}{\376\377\000V\000i\000s\000u\000a\000l\000i\000z\000a\000t\000i\000o\000n}{section*.32}% 28
\BOOKMARK [2][-]{section*.36}{\376\377\000C\000o\000n\000c\000l\000u\000s\000i\000o\000n}{section*.32}% 29
\BOOKMARK [1][-]{section*.37}{\376\377\000S\000o\000l\000u\000t\000i\000o\000n}{}% 30
\BOOKMARK [2][-]{section*.38}{\376\377\000E\000l\000e\000m\000e\000n\000t\000s\000\040\000o\000f\000\040\000O\000r\000d\000e\000r\000\040\0004\000\040\000i\000n\000\040\000Z\0004\000\040\000Z\0004}{section*.37}% 31
\BOOKMARK [2][-]{section*.41}{\376\377\000E\000l\000e\000m\000e\000n\000t\000s\000\040\000o\000f\000\040\000O\000r\000d\000e\000r\000\040\0004\000\040\000i\000n\000\040\000Z\0004\000\040\000Z\0002\000\040\000Z\0002}{section*.37}% 32
\BOOKMARK [2][-]{section*.42}{\376\377\000C\000o\000n\000c\000l\000u\000s\000i\000o\000n}{section*.37}% 33
\BOOKMARK [2][-]{section*.43}{\376\377\000V\000i\000s\000u\000a\000l\000i\000z\000a\000t\000i\000o\000n}{section*.37}% 34
\BOOKMARK [1][-]{section*.44}{\376\377\000S\000o\000l\000u\000t\000i\000o\000n}{}% 35
\BOOKMARK [2][-]{section*.45}{\376\377\000N\000o\000r\000m\000a\000l\000i\000t\000y\000\040\000o\000f\000\040\000K\0001\000\040\000K\0002\000\040\000i\000n\000\040\000G\0001\000\040\000G\0002}{section*.44}% 36
\BOOKMARK [2][-]{section*.46}{\376\377\000I\000s\000o\000m\000o\000r\000p\000h\000i\000s\000m\000\040\000\050\000G\0001\000\040\000G\0002\000\051\000/\000\050\000K\0001\000\040\000K\0002\000\051\000\040\000.\0005\000-\000.\0005\000.\0005\000-\000.\0005\000.\0005\000-\000.\0005\000.\0005\000-\000.\0005\000\050\000G\0001\000/\000K\0001\000\051\000\040\000\050\000G\0002\000/\000K\0002\000\051}{section*.44}% 37
\BOOKMARK [2][-]{section*.47}{\376\377\000V\000i\000s\000u\000a\000l\000i\000z\000a\000t\000i\000o\000n}{section*.44}% 38
