\BOOKMARK [1][-]{section*.1}{\376\377\000S\000o\000l\000u\000t\000i\000o\000n}{}% 1
\BOOKMARK [2][-]{section*.2}{\376\377\000S\000h\000o\000w\000i\000n\000g\000\040\000b\000\040\000a\000n\000d\000\040\000c\000\040\000M\000u\000s\000t\000\040\000B\000e\000\040\000C\000o\000n\000g\000r\000u\000e\000n\000t\000\040\000M\000o\000d\000u\000l\000o\000\040\000n}{section*.1}% 2
\BOOKMARK [2][-]{section*.3}{\376\377\000C\000o\000n\000c\000l\000u\000s\000i\000o\000n}{section*.1}% 3
\BOOKMARK [1][-]{section*.4}{\376\377\000S\000o\000l\000u\000t\000i\000o\000n}{}% 4
\BOOKMARK [2][-]{section*.5}{\376\377\000A\000p\000p\000l\000i\000c\000a\000t\000i\000o\000n\000\040\000o\000f\000\040\000E\000u\000l\000e\000r\000'\000s\000\040\000T\000h\000e\000o\000r\000e\000m}{section*.4}% 5
\BOOKMARK [2][-]{section*.6}{\376\377\000C\000o\000m\000b\000i\000n\000i\000n\000g\000\040\000R\000e\000s\000u\000l\000t\000s}{section*.4}% 6
\BOOKMARK [2][-]{section*.7}{\376\377\000C\000o\000n\000c\000l\000u\000s\000i\000o\000n}{section*.4}% 7
\BOOKMARK [1][-]{section*.8}{\376\377\000S\000o\000l\000u\000t\000i\000o\000n}{}% 8
\BOOKMARK [2][-]{section*.9}{\376\377\000B\000a\000s\000e\000\040\000C\000a\000s\000e\000\040\000s\000\040\000=\000\040\0000}{section*.8}% 9
\BOOKMARK [2][-]{section*.10}{\376\377\000I\000n\000d\000u\000c\000t\000i\000v\000e\000\040\000S\000t\000e\000p}{section*.8}% 10
\BOOKMARK [2][-]{section*.11}{\376\377\000C\000o\000n\000c\000l\000u\000s\000i\000o\000n}{section*.8}% 11
\BOOKMARK [1][-]{section*.12}{\376\377\000S\000o\000l\000u\000t\000i\000o\000n}{}% 12
\BOOKMARK [2][-]{section*.13}{\376\377\000F\000i\000n\000d\000i\000n\000g\000\040\000E\000l\000e\000m\000e\000n\000t\000s\000\040\000o\000f\000\040\000Z\0008\000*}{section*.12}% 13
\BOOKMARK [2][-]{section*.14}{\376\377\000M\000u\000l\000t\000i\000p\000l\000i\000c\000a\000t\000i\000o\000n\000\040\000T\000a\000b\000l\000e\000\040\000f\000o\000r\000\040\000Z\0008\000*}{section*.12}% 14
\BOOKMARK [1][-]{section*.15}{\376\377\000S\000o\000l\000u\000t\000i\000o\000n}{}% 15
\BOOKMARK [2][-]{section*.16}{\376\377\000a\000.\000\040\000S\000h\000o\000w\000i\000n\000g\000\040\000t\000h\000a\000t\000\040\000\050\000G\000,\000\040\000\051\000\040\000i\000s\000\040\000a\000\040\000M\000o\000n\000o\000i\000d\000\040\000b\000u\000t\000\040\000n\000o\000t\000\040\000a\000\040\000G\000r\000o\000u\000p}{section*.15}% 16
\BOOKMARK [2][-]{section*.20}{\376\377\000b\000.\000\040\000E\000x\000a\000m\000p\000l\000e\000\040\000o\000f\000\040\000O\000n\000e\000-\000S\000i\000d\000e\000d\000\040\000I\000n\000v\000e\000r\000s\000e}{section*.15}% 17
\BOOKMARK [1][-]{section*.23}{\376\377\000S\000o\000l\000u\000t\000i\000o\000n}{}% 18
\BOOKMARK [1][-]{section*.24}{\376\377\000S\000t\000r\000u\000c\000t\000u\000r\000e\000\040\000o\000f\000\040\000G\000r\000o\000u\000p\000\040\000G}{}% 19
\BOOKMARK [2][-]{section*.25}{\376\377\000C\000a\000s\000e\000\040\0001\000:\000\040\000A\000l\000l\000\040\000N\000o\000n\000i\000d\000e\000n\000t\000i\000t\000y\000\040\000E\000l\000e\000m\000e\000n\000t\000s\000\040\000A\000r\000e\000\040\000T\000h\000e\000i\000r\000\040\000O\000w\000n\000\040\000I\000n\000v\000e\000r\000s\000e}{section*.24}% 20
\BOOKMARK [2][-]{section*.26}{\376\377\000C\000a\000s\000e\000\040\0002\000:\000\040\000S\000o\000m\000e\000\040\000E\000l\000e\000m\000e\000n\000t\000\040\000D\000o\000e\000s\000\040\000N\000o\000t\000\040\000H\000a\000v\000e\000\040\000I\000t\000s\000\040\000S\000q\000u\000a\000r\000e\000\040\000E\000q\000u\000a\000l\000\040\000t\000o\000\040\000t\000h\000e\000\040\000I\000d\000e\000n\000t\000i\000t\000y}{section*.24}% 21
\BOOKMARK [1][-]{section*.27}{\376\377\000D\000e\000t\000e\000r\000m\000i\000n\000e\000\040\000t\000h\000e\000\040\000S\000t\000r\000u\000c\000t\000u\000r\000e\000\040\000o\000f\000\040\000c}{}% 22
\BOOKMARK [1][-]{section*.28}{\376\377\000V\000e\000r\000i\000f\000i\000c\000a\000t\000i\000o\000n\000\040\000w\000i\000t\000h\000\040\000C\000o\000n\000c\000r\000e\000t\000e\000\040\000E\000x\000a\000m\000p\000l\000e\000s}{}% 23
\BOOKMARK [2][-]{section*.29}{\376\377\000C\000y\000c\000l\000i\000c\000\040\000G\000r\000o\000u\000p\000\040\000Z\0004}{section*.28}% 24
\BOOKMARK [2][-]{section*.30}{\376\377\000K\000l\000e\000i\000n\000\040\000F\000o\000u\000r\000-\000G\000r\000o\000u\000p\000\040\000V\0004}{section*.28}% 25
\BOOKMARK [1][-]{section*.31}{\376\377\000C\000o\000n\000c\000l\000u\000s\000i\000o\000n}{}% 26
