\BOOKMARK [1][-]{section*.1}{\376\377\000S\000o\000l\000u\000t\000i\000o\000n}{}% 1
\BOOKMARK [2][-]{section*.2}{\376\377\000N\000o\000r\000m\000a\000l\000\040\000S\000u\000b\000g\000r\000o\000u\000p\000s}{section*.1}% 2
\BOOKMARK [2][-]{section*.3}{\376\377\000U\000s\000i\000n\000g\000\040\000t\000h\000e\000\040\000H\000o\000m\000o\000m\000o\000r\000p\000h\000i\000s\000m\000\040\000P\000r\000o\000p\000e\000r\000t\000y}{section*.1}% 3
\BOOKMARK [2][-]{section*.4}{\376\377\000C\000o\000n\000c\000l\000u\000s\000i\000o\000n}{section*.1}% 4
\BOOKMARK [1][-]{section*.5}{\376\377\000S\000o\000l\000u\000t\000i\000o\000n}{}% 5
\BOOKMARK [2][-]{section*.6}{\376\377\000C\000o\000s\000e\000t\000s\000\040\000a\000n\000d\000\040\000I\000n\000d\000e\000x}{section*.5}% 6
\BOOKMARK [2][-]{section*.7}{\376\377\000L\000e\000f\000t\000\040\000a\000n\000d\000\040\000R\000i\000g\000h\000t\000\040\000C\000o\000s\000e\000t\000s}{section*.5}% 7
\BOOKMARK [2][-]{section*.10}{\376\377\000C\000o\000n\000c\000l\000u\000s\000i\000o\000n}{section*.5}% 8
\BOOKMARK [1][-]{section*.11}{\376\377\000S\000o\000l\000u\000t\000i\000o\000n}{}% 9
\BOOKMARK [2][-]{section*.12}{\376\377\000S\000t\000r\000u\000c\000t\000u\000r\000e\000\040\000o\000f\000\040\000t\000h\000e\000\040\000S\000y\000m\000m\000e\000t\000r\000y\000\040\000G\000r\000o\000u\000p\000\040\000D}{section*.11}% 10
\BOOKMARK [2][-]{section*.13}{\376\377\000D\000e\000f\000i\000n\000i\000n\000g\000\040\000t\000h\000e\000\040\000F\000u\000n\000c\000t\000i\000o\000n\000\040}{section*.11}% 11
\BOOKMARK [2][-]{section*.14}{\376\377\000W\000e\000l\000l\000-\000D\000e\000f\000i\000n\000e\000d\000n\000e\000s\000s\000\040\000o\000f\000\040}{section*.11}% 12
\BOOKMARK [2][-]{section*.17}{\376\377\000H\000o\000m\000o\000m\000o\000r\000p\000h\000i\000s\000m\000\040\000P\000r\000o\000p\000e\000r\000t\000y}{section*.11}% 13
\BOOKMARK [2][-]{section*.18}{\376\377\000K\000e\000r\000n\000e\000l\000\040\000o\000f\000\040}{section*.11}% 14
\BOOKMARK [2][-]{section*.19}{\376\377\000C\000o\000n\000c\000l\000u\000s\000i\000o\000n}{section*.11}% 15
\BOOKMARK [1][-]{section*.20}{\376\377\000S\000o\000l\000u\000t\000i\000o\000n}{}% 16
\BOOKMARK [2][-]{section*.21}{\376\377\000V\000a\000l\000u\000e\000s\000\040\000i\000n\000\040\000C\000\050\000A\000\051}{section*.20}% 17
\BOOKMARK [2][-]{section*.22}{\376\377\000A\000b\000e\000l\000i\000a\000n\000\040\000G\000r\000o\000u\000p\000\040\000S\000t\000r\000u\000c\000t\000u\000r\000e}{section*.20}% 18
\BOOKMARK [2][-]{section*.28}{\376\377\000C\000o\000n\000c\000l\000u\000s\000i\000o\000n}{section*.20}% 19
\BOOKMARK [1][-]{section*.29}{\376\377\000S\000o\000l\000u\000t\000i\000o\000n}{}% 20
\BOOKMARK [2][-]{section*.30}{\376\377\000H\000o\000m\000o\000m\000o\000r\000p\000h\000i\000s\000m\000\040\000P\000r\000o\000p\000e\000r\000t\000y}{section*.29}% 21
\BOOKMARK [2][-]{section*.31}{\376\377\000S\000u\000r\000j\000e\000c\000t\000i\000v\000i\000t\000y}{section*.29}% 22
\BOOKMARK [2][-]{section*.32}{\376\377\000K\000e\000r\000n\000e\000l\000\040\000o\000f\000\040}{section*.29}% 23
\BOOKMARK [2][-]{section*.33}{\376\377\000C\000o\000n\000c\000l\000u\000s\000i\000o\000n}{section*.29}% 24
