\BOOKMARK [1][-]{section*.1}{\376\377\000S\000o\000l\000u\000t\000i\000o\000n}{}% 1
\BOOKMARK [2][-]{section*.2}{\376\377\000S\000u\000b\000g\000r\000o\000u\000p\000s\000\040\000o\000f\000\040\000D\0007}{section*.1}% 2
\BOOKMARK [2][-]{section*.3}{\376\377\000N\000o\000r\000m\000a\000l\000\040\000S\000u\000b\000g\000r\000o\000u\000p\000s}{section*.1}% 3
\BOOKMARK [2][-]{section*.4}{\376\377\000C\000o\000n\000c\000l\000u\000s\000i\000o\000n}{section*.1}% 4
\BOOKMARK [1][-]{section*.5}{\376\377\000S\000o\000l\000u\000t\000i\000o\000n}{}% 5
\BOOKMARK [2][-]{section*.6}{\376\377\000S\000u\000b\000g\000r\000o\000u\000p\000s\000\040\000o\000f\000\040\000D\0006}{section*.5}% 6
\BOOKMARK [2][-]{section*.7}{\376\377\000N\000o\000r\000m\000a\000l\000\040\000S\000u\000b\000g\000r\000o\000u\000p\000s}{section*.5}% 7
\BOOKMARK [2][-]{section*.8}{\376\377\000C\000o\000n\000c\000l\000u\000s\000i\000o\000n}{section*.5}% 8
\BOOKMARK [1][-]{section*.9}{\376\377\000S\000o\000l\000u\000t\000i\000o\000n}{}% 9
\BOOKMARK [2][-]{section*.10}{\376\377\000D\000o\000u\000b\000l\000e\000\040\000C\000o\000s\000e\000t\000s\000\040\000D\000e\000f\000i\000n\000i\000t\000i\000o\000n}{section*.9}% 10
\BOOKMARK [2][-]{section*.11}{\376\377\000D\000i\000s\000j\000o\000i\000n\000t\000\040\000o\000r\000\040\000E\000q\000u\000a\000l\000\040\000P\000r\000o\000p\000e\000r\000t\000y}{section*.9}% 11
\BOOKMARK [2][-]{section*.12}{\376\377\000P\000r\000o\000v\000i\000n\000g\000\040\000E\000q\000u\000a\000l\000i\000t\000y}{section*.9}% 12
\BOOKMARK [2][-]{section*.13}{\376\377\000C\000o\000n\000c\000l\000u\000s\000i\000o\000n}{section*.9}% 13
\BOOKMARK [1][-]{section*.14}{\376\377\000S\000o\000l\000u\000t\000i\000o\000n}{}% 14
\BOOKMARK [2][-]{section*.15}{\376\377\000H\000o\000m\000o\000m\000o\000r\000p\000h\000i\000s\000m\000\040\000D\000e\000f\000i\000n\000i\000t\000i\000o\000n}{section*.14}% 15
\BOOKMARK [2][-]{section*.16}{\376\377\000S\000u\000r\000j\000e\000c\000t\000i\000v\000i\000t\000y\000\040\000o\000f\000\040}{section*.14}% 16
\BOOKMARK [2][-]{section*.17}{\376\377\000K\000e\000r\000n\000e\000l\000\040\000o\000f\000\040}{section*.14}% 17
\BOOKMARK [2][-]{section*.18}{\376\377\000I\000s\000o\000m\000o\000r\000p\000h\000i\000s\000m\000\040\000S\0004\000\040\000/\000\040\000K\000\040\000S\0003}{section*.14}% 18
\BOOKMARK [1][-]{section*.19}{\376\377\000S\000o\000l\000u\000t\000i\000o\000n}{}% 19
\BOOKMARK [2][-]{section*.20}{\376\377\000\050\000a\000\051\000\040\000\040\000i\000s\000\040\000a\000\040\000H\000o\000m\000o\000m\000o\000r\000p\000h\000i\000s\000m}{section*.19}% 20
\BOOKMARK [2][-]{section*.21}{\376\377\000\050\000b\000\051\000\040\000K\000e\000r\000n\000e\000l\000\040\000o\000f\000\040}{section*.19}% 21
\BOOKMARK [2][-]{section*.22}{\376\377\000\050\000c\000\051\000\040\000I\000s\000o\000m\000o\000r\000p\000h\000i\000s\000m\000\040\000f\000r\000o\000m\000\040\000G\000/\000K\000\040\000t\000o\000\040\000H}{section*.19}% 22
\BOOKMARK [2][-]{section*.23}{\376\377\000O\000r\000d\000e\000r\000\040\000o\000f\000\040\000H}{section*.19}% 23
\BOOKMARK [1][-]{section*.24}{\376\377\000S\000o\000l\000u\000t\000i\000o\000n}{}% 24
\BOOKMARK [2][-]{section*.25}{\376\377\000E\000l\000e\000m\000e\000n\000t\000s\000\040\000o\000f\000\040\000O\000r\000d\000e\000r\000\040\0004}{section*.24}% 25
\BOOKMARK [2][-]{section*.26}{\376\377\000K\000e\000r\000n\000e\000l\000\040\000a\000n\000d\000\040\000I\000m\000a\000g\000e\000\040\000o\000f\000\040}{section*.24}% 26
\BOOKMARK [2][-]{section*.27}{\376\377\000E\000x\000i\000s\000t\000e\000n\000c\000e\000\040\000o\000f\000\040\000E\000l\000e\000m\000e\000n\000t\000\040\000o\000f\000\040\000O\000r\000d\000e\000r\000\040\0004}{section*.24}% 27
\BOOKMARK [2][-]{section*.28}{\376\377\000C\000o\000n\000c\000l\000u\000s\000i\000o\000n}{section*.24}% 28
\BOOKMARK [1][-]{section*.29}{\376\377\000S\000o\000l\000u\000t\000i\000o\000n}{}% 29
\BOOKMARK [2][-]{section*.30}{\376\377\000E\000l\000e\000m\000e\000n\000t\000s\000\040\000a\000\040\000Z\000p\000\040\000s\000u\000c\000h\000\040\000t\000h\000a\000t\000\040\000a\0002\000\040\000=\000\040\0001}{section*.29}% 30
\BOOKMARK [2][-]{section*.31}{\376\377\000E\000l\000e\000m\000e\000n\000t\000\040\000o\000f\000\040\000O\000r\000d\000e\000r\000\040\0002\000\040\000i\000n\000\040\000\050\000p\000\051}{section*.29}% 31
\BOOKMARK [2][-]{section*.32}{\376\377\000C\000o\000n\000c\000l\000u\000s\000i\000o\000n}{section*.29}% 32
\BOOKMARK [1][-]{section*.33}{\376\377\000S\000o\000l\000u\000t\000i\000o\000n}{}% 33
\BOOKMARK [2][-]{section*.34}{\376\377\000N\000e\000c\000e\000s\000s\000a\000r\000y\000\040\000C\000o\000n\000d\000i\000t\000i\000o\000n\000:\000\040\000I\000f\000\040\000\050\000p\000\051\000\040\000C\000o\000n\000t\000a\000i\000n\000s\000\040\000a\000n\000\040\000E\000l\000e\000m\000e\000n\000t\000\040\000o\000f\000\040\000O\000r\000d\000e\000r\000\040\0004\000,\000\040\000T\000h\000e\000n\000\040\000p\000\040\0001\000\040\0008\000m\000u\000\050\000m\000o\000d\0006\000m\000u\0004\000\051}{section*.33}% 34
\BOOKMARK [2][-]{section*.35}{\376\377\000S\000u\000f\000f\000i\000c\000i\000e\000n\000t\000\040\000C\000o\000n\000d\000i\000t\000i\000o\000n\000:\000\040\000I\000f\000\040\000p\000\040\0001\000\040\0008\000m\000u\000\050\000m\000o\000d\0006\000m\000u\0004\000\051\000,\000\040\000T\000h\000e\000n\000\040\000\050\000p\000\051\000\040\000C\000o\000n\000t\000a\000i\000n\000s\000\040\000a\000n\000\040\000E\000l\000e\000m\000e\000n\000t\000\040\000o\000f\000\040\000O\000r\000d\000e\000r\000\040\0004}{section*.33}% 35
\BOOKMARK [2][-]{section*.36}{\376\377\000C\000o\000n\000c\000l\000u\000s\000i\000o\000n}{section*.33}% 36
