\BOOKMARK [1][-]{section*.1}{\376\377\000S\000o\000l\000u\000t\000i\000o\000n}{}% 1
\BOOKMARK [2][-]{section*.2}{\376\377\000S\000t\000r\000u\000c\000t\000u\000r\000e\000\040\000o\000f\000\040\000\050\0005\000\051}{section*.1}% 2
\BOOKMARK [2][-]{section*.3}{\376\377\000S\000t\000r\000u\000c\000t\000u\000r\000e\000\040\000o\000f\000\040\000\050\0008\000\051}{section*.1}% 3
\BOOKMARK [2][-]{section*.4}{\376\377\000O\000r\000d\000e\000r\000\040\000a\000n\000d\000\040\000G\000r\000o\000u\000p\000\040\000S\000t\000r\000u\000c\000t\000u\000r\000e}{section*.1}% 4
\BOOKMARK [2][-]{section*.5}{\376\377\000C\000o\000m\000p\000a\000r\000i\000s\000o\000n\000\040\000o\000f\000\040\000E\000l\000e\000m\000e\000n\000t\000s}{section*.1}% 5
\BOOKMARK [2][-]{section*.6}{\376\377\000E\000x\000i\000s\000t\000e\000n\000c\000e\000\040\000o\000f\000\040\000a\000n\000\040\000I\000s\000o\000m\000o\000r\000p\000h\000i\000s\000m}{section*.1}% 6
\BOOKMARK [2][-]{section*.7}{\376\377\000C\000o\000n\000c\000l\000u\000s\000i\000o\000n}{section*.1}% 7
\BOOKMARK [1][-]{section*.8}{\376\377\000S\000o\000l\000u\000t\000i\000o\000n}{}% 8
\BOOKMARK [2][-]{section*.9}{\376\377\000a\000.\000\040\000N\000e\000c\000e\000s\000s\000a\000r\000y\000\040\000a\000n\000d\000\040\000S\000u\000f\000f\000i\000c\000i\000e\000n\000t\000\040\000C\000o\000n\000d\000i\000t\000i\000o\000n\000s\000\040\000f\000o\000r\000\040\000S\000u\000b\000m\000o\000n\000o\000i\000d\000s}{section*.8}% 9
\BOOKMARK [2][-]{section*.12}{\376\377\000b\000.\000\040\000N\000\040\000i\000s\000\040\000a\000\040\000S\000u\000b\000m\000o\000n\000o\000i\000d\000\040\000o\000f\000\040\000M\000\040\000:\000=\000\040\000M\000a\000t\0002\000\040\0002\000\050\000R\000\051}{section*.8}% 10
\BOOKMARK [2][-]{section*.15}{\376\377\000c\000.\000\040\000I\000d\000e\000n\000t\000i\000t\000y\000\040\000E\000l\000e\000m\000e\000n\000t\000\040\000i\000n\000\040\000a\000\040\000S\000u\000b\000m\000o\000n\000o\000i\000d}{section*.8}% 11
\BOOKMARK [1][-]{section*.18}{\376\377\000S\000o\000l\000u\000t\000i\000o\000n}{}% 12
\BOOKMARK [2][-]{section*.19}{\376\377\000a\000.\000\040\000U\000\040\000i\000s\000\040\000a\000\040\000S\000u\000b\000g\000r\000o\000u\000p\000\040\000o\000f\000\040\000S\0004}{section*.18}% 13
\BOOKMARK [2][-]{section*.24}{\376\377\000b\000.\000\040\000P\000r\000o\000d\000u\000c\000t\000\040\000o\000f\000\040\000T\000w\000o\000\040\0003\000-\000C\000y\000c\000l\000e\000s\000\040\000i\000n\000\040\000S\0004}{section*.18}% 14
\BOOKMARK [2][-]{section*.29}{\376\377\000c\000.\000\040\000P\000r\000o\000d\000u\000c\000t\000\040\000o\000f\000\040\000a\000\040\0003\000-\000C\000y\000c\000l\000e\000\040\000a\000n\000d\000\040\000a\000\040\000P\000r\000o\000d\000u\000c\000t\000\040\000o\000f\000\040\000T\000w\000o\000\040\000D\000i\000s\000j\000o\000i\000n\000t\000\040\0002\000-\000C\000y\000c\000l\000e\000s}{section*.18}% 15
\BOOKMARK [2][-]{section*.33}{\376\377\000d\000.\000\040\000H\000\040\000i\000s\000\040\000a\000\040\000S\000u\000b\000g\000r\000o\000u\000p\000\040\000o\000f\000\040\000S\0004}{section*.18}% 16
\BOOKMARK [1][-]{section*.38}{\376\377\000S\000o\000l\000u\000t\000i\000o\000n}{}% 17
\BOOKMARK [2][-]{section*.39}{\376\377\000S\000t\000r\000u\000c\000t\000u\000r\000e\000\040\000o\000f\000\040\000\050\0001\0004\000\051}{section*.38}% 18
\BOOKMARK [2][-]{section*.40}{\376\377\000O\000r\000d\000e\000r\000s\000\040\000o\000f\000\040\000E\000l\000e\000m\000e\000n\000t\000s\000\040\000i\000n\000\040\000\050\0001\0004\000\051}{section*.38}% 19
\BOOKMARK [2][-]{section*.41}{\376\377\000G\000e\000n\000e\000r\000a\000t\000o\000r\000s\000\040\000o\000f\000\040\000\050\0001\0004\000\051}{section*.38}% 20
\BOOKMARK [2][-]{section*.42}{\376\377\000C\000o\000n\000c\000l\000u\000s\000i\000o\000n}{section*.38}% 21
\BOOKMARK [1][-]{section*.43}{\376\377\000S\000o\000l\000u\000t\000i\000o\000n}{}% 22
\BOOKMARK [2][-]{section*.44}{\376\377\000O\000r\000d\000e\000r\000\040\000o\000f\000\040\000A}{section*.43}% 23
\BOOKMARK [2][-]{section*.45}{\376\377\000O\000r\000d\000e\000r\000\040\000o\000f\000\040\000B}{section*.43}% 24
\BOOKMARK [2][-]{section*.46}{\376\377\000O\000r\000d\000e\000r\000\040\000o\000f\000\040\000C\000\040\000:\000=\000\040\000A\000B}{section*.43}% 25
\BOOKMARK [2][-]{section*.47}{\376\377\000C\000o\000n\000c\000l\000u\000s\000i\000o\000n}{section*.43}% 26
\BOOKMARK [1][-]{section*.48}{\376\377\000S\000o\000l\000u\000t\000i\000o\000n}{}% 27
\BOOKMARK [2][-]{section*.49}{\376\377\000P\000a\000r\000t\000\040\0001\000:\000\040\000C\000a\000n\000\040\000G\000\040\000b\000e\000\040\000c\000y\000c\000l\000i\000c\000\040\000i\000f\000\040\000i\000t\000\040\000h\000a\000s\000\040\000a\000t\000\040\000l\000e\000a\000s\000t\000\040\000t\000h\000r\000e\000e\000\040\000e\000l\000e\000m\000e\000n\000t\000s\000\040\000o\000f\000\040\000o\000r\000d\000e\000r\000\040\0004\000?}{section*.48}% 28
\BOOKMARK [2][-]{section*.52}{\376\377\000P\000a\000r\000t\000\040\0002\000:\000\040\000C\000a\000n\000\040\000G\000\040\000b\000e\000\040\000c\000y\000c\000l\000i\000c\000\040\000i\000f\000\040\000i\000t\000\040\000h\000a\000s\000\040\000e\000x\000a\000c\000t\000l\000y\000\040\000t\000w\000o\000\040\000e\000l\000e\000m\000e\000n\000t\000s\000\040\000o\000f\000\040\000o\000r\000d\000e\000r\000\040\0004\000?}{section*.48}% 29
\BOOKMARK [2][-]{section*.55}{\376\377\000S\000u\000m\000m\000a\000r\000y}{section*.48}% 30
\BOOKMARK [1][-]{section*.56}{\376\377\000S\000o\000l\000u\000t\000i\000o\000n}{}% 31
\BOOKMARK [2][-]{section*.57}{\376\377\000S\000t\000r\000u\000c\000t\000u\000r\000e\000\040\000o\000f\000\040\000D\0006}{section*.56}% 32
\BOOKMARK [2][-]{section*.58}{\376\377\000S\000t\000r\000u\000c\000t\000u\000r\000e\000\040\000o\000f\000\040\000D\0003}{section*.56}% 33
\BOOKMARK [2][-]{section*.59}{\376\377\000I\000d\000e\000n\000t\000i\000f\000y\000i\000n\000g\000\040\000a\000\040\000S\000u\000b\000g\000r\000o\000u\000p\000\040\000o\000f\000\040\000D\0006\000\040\000I\000s\000o\000m\000o\000r\000p\000h\000i\000c\000\040\000t\000o\000\040\000D\0003}{section*.56}% 34
\BOOKMARK [2][-]{section*.62}{\376\377\000C\000o\000n\000c\000l\000u\000s\000i\000o\000n}{section*.56}% 35
\BOOKMARK [1][-]{section*.63}{\376\377\000S\000o\000l\000u\000t\000i\000o\000n}{}% 36
\BOOKMARK [2][-]{section*.64}{\376\377\000S\000t\000r\000u\000c\000t\000u\000r\000e\000\040\000o\000f\000\040\000D\0006}{section*.63}% 37
\BOOKMARK [2][-]{section*.65}{\376\377\000S\000t\000r\000u\000c\000t\000u\000r\000e\000\040\000o\000f\000\040\000t\000h\000e\000\040\000S\000y\000m\000m\000e\000t\000r\000y\000\040\000G\000r\000o\000u\000p\000\040\000o\000f\000\040\000t\000h\000e\000\040\000R\000e\000c\000t\000a\000n\000g\000l\000e}{section*.63}% 38
\BOOKMARK [2][-]{section*.66}{\376\377\000I\000d\000e\000n\000t\000i\000f\000y\000i\000n\000g\000\040\000a\000\040\000S\000u\000b\000g\000r\000o\000u\000p\000\040\000o\000f\000\040\000D\0006\000\040\000I\000s\000o\000m\000o\000r\000p\000h\000i\000c\000\040\000t\000o\000\040\000t\000h\000e\000\040\000S\000y\000m\000m\000e\000t\000r\000y\000\040\000G\000r\000o\000u\000p\000\040\000o\000f\000\040\000t\000h\000e\000\040\000R\000e\000c\000t\000a\000n\000g\000l\000e}{section*.63}% 39
\BOOKMARK [2][-]{section*.70}{\376\377\000C\000o\000n\000c\000l\000u\000s\000i\000o\000n}{section*.63}% 40
